<?xml version="1.0" encoding="UTF-8"?>
<!-- Generated by org.testng.reporters.JUnitReportReporter -->
<testsuite hostname="GMP.local" failures="0" tests="1" name="Operator_1.Appium_Automation.appiumtest" time="41.572" errors="0" timestamp="2020-05-22T23:45:07 IST" skipped="0">
  <testcase classname="Operator_1.Appium_Automation.appiumtest" name="calculator" time="41.572"/>
</testsuite> <!-- Operator_1.Appium_Automation.appiumtest -->
