<?xml version="1.0" encoding="UTF-8"?>
<!-- Generated by org.testng.reporters.JUnitReportReporter -->
<testsuite hostname="GMP.local" failures="0" tests="1" name="ItalyTestCases.RegisterNewUser" time="37.480" errors="0" timestamp="2020-09-14T23:44:24 IST" skipped="0">
  <testcase classname="ItalyTestCases.RegisterNewUser" name="RegisterConsumer" time="37.480"/>
</testsuite> <!-- ItalyTestCases.RegisterNewUser -->
