<?xml version="1.0" encoding="UTF-8"?>
<!-- Generated by org.testng.reporters.JUnitReportReporter -->
<testsuite hostname="GMP.local" failures="0" tests="1" name="SwedenTestCases.RegisterNewUser" time="30.378" errors="0" timestamp="2020-09-14T23:51:07 IST" skipped="0">
  <testcase classname="SwedenTestCases.RegisterNewUser" name="RegisterConsumer" time="30.378"/>
</testsuite> <!-- SwedenTestCases.RegisterNewUser -->
