<?xml version="1.0" encoding="UTF-8"?>
<!-- Generated by org.testng.reporters.JUnitReportReporter -->
<testsuite hostname="GMP.local" failures="0" tests="1" name="GermanyTestCases.RegisterNewUser" time="21.981" errors="0" timestamp="2020-09-14T23:53:13 IST" skipped="0">
  <testcase classname="GermanyTestCases.RegisterNewUser" name="RegisterConsumer" time="21.981"/>
</testsuite> <!-- GermanyTestCases.RegisterNewUser -->
