<?xml version="1.0" encoding="UTF-8"?>
<!-- Generated by org.testng.reporters.JUnitReportReporter -->
<testsuite hostname="GMP.local" failures="0" tests="1" name="PoolandTestCases.RegisterNewUser" time="22.988" errors="0" timestamp="2020-09-14T23:48:58 IST" skipped="0">
  <testcase classname="PoolandTestCases.RegisterNewUser" name="RegisterConsumer" time="22.988"/>
</testsuite> <!-- PoolandTestCases.RegisterNewUser -->
